  Game.cpp
C:\Users\DanKags\source\repos\sfmlExample\sfmlExample\Game.cpp(78,16): warning C4305: '-=': truncation from 'double' to 'T'
          with
          [
              T=float
          ]
C:\Users\DanKags\source\repos\sfmlExample\sfmlExample\Game.cpp(86,16): warning C4305: '+=': truncation from 'double' to 'T'
          with
          [
              T=float
          ]
C:\Users\DanKags\source\repos\sfmlExample\sfmlExample\Game.cpp(97,17): warning C4305: '+=': truncation from 'double' to 'T'
          with
          [
              T=float
          ]
C:\Users\DanKags\source\repos\sfmlExample\sfmlExample\Game.cpp(104,17): warning C4305: '-=': truncation from 'double' to 'T'
          with
          [
              T=float
          ]
  Generating code
  4 of 28 functions (14.3%) were compiled, the rest were copied from previous compilation.
    0 functions were new in current compilation
    0 functions had inline decision re-evaluated but remain unchanged
  Finished generating code
  sfmlExample.vcxproj -> C:\Users\DanKags\source\repos\sfmlExample\Release\sfmlExample.exe
